<?xml version="1.0" encoding="UTF-8"?>
<coverage generated="1600904568369" clover="3.2.0">
  <project timestamp="1600904568369" name="All files">
    <metrics statements="16" coveredstatements="16" conditionals="12" coveredconditionals="9" methods="5" coveredmethods="5" elements="33" coveredelements="30" complexity="0" loc="16" ncloc="16" packages="2" files="2" classes="2"/>
    <package name="controllers">
      <metrics statements="8" coveredstatements="8" conditionals="6" coveredconditionals="5" methods="2" coveredmethods="2"/>
      <file name="UserController.js" path="C:\Users\Paulo\Projetos\GoStack\Testes\testeNode2\server\src\app\controllers\UserController.js">
        <metrics statements="8" coveredstatements="8" conditionals="6" coveredconditionals="5" methods="2" coveredmethods="2"/>
        <line num="1" count="1" type="cond" truecount="3" falsecount="1"/>
        <line num="5" count="3" type="stmt"/>
        <line num="7" count="3" type="stmt"/>
        <line num="9" count="3" type="cond" truecount="2" falsecount="0"/>
        <line num="10" count="1" type="stmt"/>
        <line num="14" count="2" type="stmt"/>
        <line num="16" count="2" type="stmt"/>
        <line num="20" count="1" type="stmt"/>
      </file>
    </package>
    <package name="models">
      <metrics statements="8" coveredstatements="8" conditionals="6" coveredconditionals="4" methods="3" coveredmethods="3"/>
      <file name="User.js" path="C:\Users\Paulo\Projetos\GoStack\Testes\testeNode2\server\src\app\models\User.js">
        <metrics statements="8" coveredstatements="8" conditionals="6" coveredconditionals="4" methods="3" coveredmethods="3"/>
        <line num="1" count="2" type="cond" truecount="3" falsecount="1"/>
        <line num="2" count="1" type="stmt"/>
        <line num="6" count="1" type="stmt"/>
        <line num="18" count="1" type="stmt"/>
        <line num="19" count="3" type="cond" truecount="1" falsecount="1"/>
        <line num="20" count="3" type="stmt"/>
        <line num="23" count="1" type="stmt"/>
        <line num="26" count="1" type="stmt"/>
      </file>
    </package>
  </project>
</coverage>
