{"C:\\Users\\Paulo\\Projetos\\GoStack\\Testes\\testeNode2\\server\\src\\app\\controllers\\UserController.js": {"path":"C:\\Users\\Paulo\\Projetos\\GoStack\\Testes\\testeNode2\\server\\src\\app\\controllers\\UserController.js","statementMap":{"0":{"start":{"line":1,"column":13},"end":{"line":1,"column":73}},"1":{"start":{"line":1,"column":113},"end":{"line":1,"column":167}},"2":{"start":{"line":1,"column":181},"end":{"line":1,"column":206}},"3":{"start":{"line":1,"column":221},"end":{"line":1,"column":250}},"4":{"start":{"line":5,"column":22},"end":{"line":5,"column":30}},"5":{"start":{"line":7,"column":23},"end":{"line":7,"column":73}},"6":{"start":{"line":9,"column":4},"end":{"line":13,"column":5}},"7":{"start":{"line":10,"column":6},"end":{"line":12,"column":76}},"8":{"start":{"line":14,"column":17},"end":{"line":14,"column":54}},"9":{"start":{"line":16,"column":4},"end":{"line":16,"column":26}},"10":{"start":{"line":20,"column":0},"end":{"line":20,"column":40}}},"fnMap":{"0":{"name":"_interopRequireDefault","decl":{"start":{"line":1,"column":83},"end":{"line":1,"column":105}},"loc":{"start":{"line":1,"column":111},"end":{"line":1,"column":169}},"line":1},"1":{"name":"(anonymous_1)","decl":{"start":{"line":4,"column":2},"end":{"line":4,"column":3}},"loc":{"start":{"line":4,"column":24},"end":{"line":17,"column":3}},"line":4}},"branchMap":{"0":{"loc":{"start":{"line":1,"column":120},"end":{"line":1,"column":166}},"type":"cond-expr","locations":[{"start":{"line":1,"column":144},"end":{"line":1,"column":147}},{"start":{"line":1,"column":150},"end":{"line":1,"column":166}}],"line":1},"1":{"loc":{"start":{"line":1,"column":120},"end":{"line":1,"column":141}},"type":"binary-expr","locations":[{"start":{"line":1,"column":120},"end":{"line":1,"column":123}},{"start":{"line":1,"column":127},"end":{"line":1,"column":141}}],"line":1},"2":{"loc":{"start":{"line":9,"column":4},"end":{"line":13,"column":5}},"type":"if","locations":[{"start":{"line":9,"column":4},"end":{"line":13,"column":5}},{"start":{"line":9,"column":4},"end":{"line":13,"column":5}}],"line":9}},"s":{"0":1,"1":1,"2":1,"3":1,"4":3,"5":3,"6":3,"7":1,"8":2,"9":2,"10":1},"f":{"0":1,"1":3},"b":{"0":[1,0],"1":[1,1],"2":[1,2]},"inputSourceMap":null,"_coverageSchema":"1a1c01bbd47fc00a2c39e90264f33305004495a9","hash":"d367283defeec0c50f8ab3b4189e31cdc15c4114"}
,"C:\\Users\\Paulo\\Projetos\\GoStack\\Testes\\testeNode2\\server\\src\\app\\models\\User.js": {"path":"C:\\Users\\Paulo\\Projetos\\GoStack\\Testes\\testeNode2\\server\\src\\app\\models\\User.js","statementMap":{"0":{"start":{"line":1,"column":13},"end":{"line":1,"column":73}},"1":{"start":{"line":1,"column":113},"end":{"line":1,"column":167}},"2":{"start":{"line":1,"column":186},"end":{"line":1,"column":206}},"3":{"start":{"line":1,"column":226},"end":{"line":1,"column":260}},"4":{"start":{"line":2,"column":16},"end":{"line":2,"column":35}},"5":{"start":{"line":2,"column":54},"end":{"line":2,"column":87}},"6":{"start":{"line":6,"column":4},"end":{"line":16,"column":6}},"7":{"start":{"line":18,"column":4},"end":{"line":22,"column":7}},"8":{"start":{"line":19,"column":6},"end":{"line":21,"column":7}},"9":{"start":{"line":20,"column":8},"end":{"line":20,"column":77}},"10":{"start":{"line":23,"column":4},"end":{"line":23,"column":16}},"11":{"start":{"line":26,"column":0},"end":{"line":26,"column":24}}},"fnMap":{"0":{"name":"_interopRequireDefault","decl":{"start":{"line":1,"column":83},"end":{"line":1,"column":105}},"loc":{"start":{"line":1,"column":111},"end":{"line":1,"column":169}},"line":1},"1":{"name":"(anonymous_1)","decl":{"start":{"line":5,"column":2},"end":{"line":5,"column":3}},"loc":{"start":{"line":5,"column":25},"end":{"line":24,"column":3}},"line":5},"2":{"name":"(anonymous_2)","decl":{"start":{"line":18,"column":31},"end":{"line":18,"column":32}},"loc":{"start":{"line":18,"column":45},"end":{"line":22,"column":5}},"line":18}},"branchMap":{"0":{"loc":{"start":{"line":1,"column":120},"end":{"line":1,"column":166}},"type":"cond-expr","locations":[{"start":{"line":1,"column":144},"end":{"line":1,"column":147}},{"start":{"line":1,"column":150},"end":{"line":1,"column":166}}],"line":1},"1":{"loc":{"start":{"line":1,"column":120},"end":{"line":1,"column":141}},"type":"binary-expr","locations":[{"start":{"line":1,"column":120},"end":{"line":1,"column":123}},{"start":{"line":1,"column":127},"end":{"line":1,"column":141}}],"line":1},"2":{"loc":{"start":{"line":19,"column":6},"end":{"line":21,"column":7}},"type":"if","locations":[{"start":{"line":19,"column":6},"end":{"line":21,"column":7}},{"start":{"line":19,"column":6},"end":{"line":21,"column":7}}],"line":19}},"s":{"0":1,"1":2,"2":1,"3":1,"4":1,"5":1,"6":1,"7":1,"8":3,"9":3,"10":1,"11":1},"f":{"0":2,"1":1,"2":3},"b":{"0":[0,2],"1":[2,2],"2":[3,0]},"inputSourceMap":null,"_coverageSchema":"1a1c01bbd47fc00a2c39e90264f33305004495a9","hash":"b9a4abe4780ffd4af021ac7786799c19117e3304"}
}
